d:\dev\wpf-samples-master\migration and interoperability\hwndinwpf\hwndinwpf\debug\hwndinwpf.pch
d:\dev\wpf-samples-master\migration and interoperability\hwndinwpf\hwndinwpf\debug\vc141.pdb
d:\dev\wpf-samples-master\migration and interoperability\hwndinwpf\hwndinwpf\debug\stdafx.obj
d:\dev\wpf-samples-master\migration and interoperability\hwndinwpf\hwndinwpf\debug\hwndinwpf.obj
d:\dev\wpf-samples-master\migration and interoperability\hwndinwpf\hwndinwpf\debug\.netframework,version=v4.0.assemblyattributes.obj
d:\dev\wpf-samples-master\migration and interoperability\hwndinwpf\hwndinwpf\debug\.netframework,version=v4.0.assemblyattributes.asm
d:\dev\wpf-samples-master\migration and interoperability\hwndinwpf\hwndinwpf\debug\hwndinwpf.dll
d:\dev\wpf-samples-master\migration and interoperability\hwndinwpf\hwndinwpf\debug\hwndinwpf.pdb
d:\dev\wpf-samples-master\migration and interoperability\hwndinwpf\hwndinwpf\debug\hwndinwpf.res
d:\dev\wpf-samples-master\migration and interoperability\hwndinwpf\hwndinwpf\debug\hwndinwpf.vcxprojassemblyreference.cache
d:\dev\wpf-samples-master\migration and interoperability\hwndinwpf\hwndinwpf\debug\hwndinwpf.dll.metagen
d:\dev\wpf-samples-master\migration and interoperability\hwndinwpf\hwndinwpf\debug\hwndinwpf.tlog\cl.command.1.tlog
d:\dev\wpf-samples-master\migration and interoperability\hwndinwpf\hwndinwpf\debug\hwndinwpf.tlog\cl.read.1.tlog
d:\dev\wpf-samples-master\migration and interoperability\hwndinwpf\hwndinwpf\debug\hwndinwpf.tlog\cl.write.1.tlog
d:\dev\wpf-samples-master\migration and interoperability\hwndinwpf\hwndinwpf\debug\hwndinwpf.tlog\link.command.1.tlog
d:\dev\wpf-samples-master\migration and interoperability\hwndinwpf\hwndinwpf\debug\hwndinwpf.tlog\link.read.1.tlog
d:\dev\wpf-samples-master\migration and interoperability\hwndinwpf\hwndinwpf\debug\hwndinwpf.tlog\link.write.1.tlog
d:\dev\wpf-samples-master\migration and interoperability\hwndinwpf\hwndinwpf\debug\hwndinwpf.tlog\metagen.read.1.tlog
d:\dev\wpf-samples-master\migration and interoperability\hwndinwpf\hwndinwpf\debug\hwndinwpf.tlog\metagen.write.1.tlog
d:\dev\wpf-samples-master\migration and interoperability\hwndinwpf\hwndinwpf\debug\hwndinwpf.tlog\rc.command.1.tlog
d:\dev\wpf-samples-master\migration and interoperability\hwndinwpf\hwndinwpf\debug\hwndinwpf.tlog\rc.read.1.tlog
d:\dev\wpf-samples-master\migration and interoperability\hwndinwpf\hwndinwpf\debug\hwndinwpf.tlog\rc.write.1.tlog
