d:\dev\wpf-samples-master\migration and interoperability\win32hostingwpfpage\cpp\debug\win32hostingwpfpage.pch
d:\dev\wpf-samples-master\migration and interoperability\win32hostingwpfpage\cpp\debug\vc141.pdb
d:\dev\wpf-samples-master\migration and interoperability\win32hostingwpfpage\cpp\debug\stdafx.obj
d:\dev\wpf-samples-master\migration and interoperability\win32hostingwpfpage\cpp\debug\wpfpage.obj
d:\dev\wpf-samples-master\migration and interoperability\win32hostingwpfpage\cpp\debug\win32hostingwpfpage.obj
d:\dev\wpf-samples-master\migration and interoperability\win32hostingwpfpage\cpp\debug\.netframework,version=v4.0.assemblyattributes.obj
d:\dev\wpf-samples-master\migration and interoperability\win32hostingwpfpage\cpp\debug\.netframework,version=v4.0.assemblyattributes.asm
d:\dev\wpf-samples-master\migration and interoperability\win32hostingwpfpage\cpp\debug\win32hostingwpfpage.exe
d:\dev\wpf-samples-master\migration and interoperability\win32hostingwpfpage\cpp\debug\win32hostingwpfpage.pdb
d:\dev\wpf-samples-master\migration and interoperability\win32hostingwpfpage\cpp\debug\win32hostingwpfpage.res
d:\dev\wpf-samples-master\migration and interoperability\win32hostingwpfpage\cpp\debug\win32hostingwpfpage.vcxprojassemblyreference.cache
d:\dev\wpf-samples-master\migration and interoperability\win32hostingwpfpage\cpp\debug\win32hostingwpfpage.exe.metagen
d:\dev\wpf-samples-master\migration and interoperability\win32hostingwpfpage\cpp\debug\win32hos.8e4a7f4e.tlog\cl.command.1.tlog
d:\dev\wpf-samples-master\migration and interoperability\win32hostingwpfpage\cpp\debug\win32hos.8e4a7f4e.tlog\cl.read.1.tlog
d:\dev\wpf-samples-master\migration and interoperability\win32hostingwpfpage\cpp\debug\win32hos.8e4a7f4e.tlog\cl.write.1.tlog
d:\dev\wpf-samples-master\migration and interoperability\win32hostingwpfpage\cpp\debug\win32hos.8e4a7f4e.tlog\link.command.1.tlog
d:\dev\wpf-samples-master\migration and interoperability\win32hostingwpfpage\cpp\debug\win32hos.8e4a7f4e.tlog\link.read.1.tlog
d:\dev\wpf-samples-master\migration and interoperability\win32hostingwpfpage\cpp\debug\win32hos.8e4a7f4e.tlog\link.write.1.tlog
d:\dev\wpf-samples-master\migration and interoperability\win32hostingwpfpage\cpp\debug\win32hos.8e4a7f4e.tlog\metagen.read.1.tlog
d:\dev\wpf-samples-master\migration and interoperability\win32hostingwpfpage\cpp\debug\win32hos.8e4a7f4e.tlog\metagen.write.1.tlog
d:\dev\wpf-samples-master\migration and interoperability\win32hostingwpfpage\cpp\debug\win32hos.8e4a7f4e.tlog\rc.command.1.tlog
d:\dev\wpf-samples-master\migration and interoperability\win32hostingwpfpage\cpp\debug\win32hos.8e4a7f4e.tlog\rc.read.1.tlog
d:\dev\wpf-samples-master\migration and interoperability\win32hostingwpfpage\cpp\debug\win32hos.8e4a7f4e.tlog\rc.write.1.tlog
