d:\dev\wpf-samples-master\migration and interoperability\win32clock\win32clock\debug\win32clock.pch
d:\dev\wpf-samples-master\migration and interoperability\win32clock\win32clock\debug\vc141.pdb
d:\dev\wpf-samples-master\migration and interoperability\win32clock\win32clock\debug\stdafx.obj
d:\dev\wpf-samples-master\migration and interoperability\win32clock\win32clock\debug\win32clock.obj
d:\dev\wpf-samples-master\migration and interoperability\win32clock\win32clock\debug\.netframework,version=v4.5.2.assemblyattributes.obj
d:\dev\wpf-samples-master\migration and interoperability\win32clock\win32clock\debug\.netframework,version=v4.5.2.assemblyattributes.asm
d:\dev\wpf-samples-master\migration and interoperability\win32clock\win32clock\debug\win32clock.exe
d:\dev\wpf-samples-master\migration and interoperability\win32clock\win32clock\debug\win32clock.pdb
d:\dev\wpf-samples-master\migration and interoperability\win32clock\win32clock\debug\win32clock.tlog\metagen.write.1.tlog
d:\dev\wpf-samples-master\migration and interoperability\win32clock\win32clock\debug\win32clock.res
d:\dev\wpf-samples-master\migration and interoperability\win32clock\win32clock\debug\avclock.dll
d:\dev\wpf-samples-master\migration and interoperability\win32clock\win32clock\debug\avclock.pdb
d:\dev\wpf-samples-master\migration and interoperability\win32clock\win32clock\debug\en-us\avclock.resources.dll
d:\dev\wpf-samples-master\migration and interoperability\win32clock\win32clock\debug\win32clock.vcxprojassemblyreference.cache
d:\dev\wpf-samples-master\migration and interoperability\win32clock\win32clock\debug\win32clock.exe.metagen
d:\dev\wpf-samples-master\migration and interoperability\win32clock\win32clock\debug\win32clock.tlog\cl.command.1.tlog
d:\dev\wpf-samples-master\migration and interoperability\win32clock\win32clock\debug\win32clock.tlog\cl.read.1.tlog
d:\dev\wpf-samples-master\migration and interoperability\win32clock\win32clock\debug\win32clock.tlog\cl.write.1.tlog
d:\dev\wpf-samples-master\migration and interoperability\win32clock\win32clock\debug\win32clock.tlog\link.command.1.tlog
d:\dev\wpf-samples-master\migration and interoperability\win32clock\win32clock\debug\win32clock.tlog\link.read.1.tlog
d:\dev\wpf-samples-master\migration and interoperability\win32clock\win32clock\debug\win32clock.tlog\link.write.1.tlog
d:\dev\wpf-samples-master\migration and interoperability\win32clock\win32clock\debug\win32clock.tlog\metagen.read.1.tlog
d:\dev\wpf-samples-master\migration and interoperability\win32clock\win32clock\debug\win32clock.tlog\rc.command.1.tlog
d:\dev\wpf-samples-master\migration and interoperability\win32clock\win32clock\debug\win32clock.tlog\rc.read.1.tlog
d:\dev\wpf-samples-master\migration and interoperability\win32clock\win32clock\debug\win32clock.tlog\rc.write.1.tlog
d:\dev\wpf-samples-master\migration and interoperability\win32clock\win32clock\debug\win32clock.tlog\win32clock.write.1u.tlog
d:\dev\wpf-samples-master\migration and interoperability\win32clock\win32clock\debug\win32clock.tlog\avclock.dll.metagen
