d:\dev\wpf-samples-master\graphics\aitcodec\cpp\debug\aitcodec.lib
d:\dev\wpf-samples-master\graphics\aitcodec\cpp\debug\aitcodec.exp
d:\dev\wpf-samples-master\graphics\aitcodec\cpp\debug\aitcodec.pch
d:\dev\wpf-samples-master\graphics\aitcodec\cpp\debug\vc141.pdb
d:\dev\wpf-samples-master\graphics\aitcodec\cpp\debug\vc141.idb
d:\dev\wpf-samples-master\graphics\aitcodec\cpp\debug\ycbcrpixelformatconverter.obj
d:\dev\wpf-samples-master\graphics\aitcodec\cpp\debug\utility.obj
d:\dev\wpf-samples-master\graphics\aitcodec\cpp\debug\main.obj
d:\dev\wpf-samples-master\graphics\aitcodec\cpp\debug\cmykpixelformatconverter.obj
d:\dev\wpf-samples-master\graphics\aitcodec\cpp\debug\basepixelformatconverter.obj
d:\dev\wpf-samples-master\graphics\aitcodec\cpp\debug\baseencoder.obj
d:\dev\wpf-samples-master\graphics\aitcodec\cpp\debug\basedecoder.obj
d:\dev\wpf-samples-master\graphics\aitcodec\cpp\debug\aitencoder.obj
d:\dev\wpf-samples-master\graphics\aitcodec\cpp\debug\aitdecoder.obj
d:\dev\wpf-samples-master\graphics\aitcodec\cpp\debug\aitcodec.ilk
d:\dev\wpf-samples-master\graphics\aitcodec\cpp\debug\aitcodec.dll
d:\dev\wpf-samples-master\graphics\aitcodec\cpp\debug\aitcodec.pdb
d:\dev\wpf-samples-master\graphics\aitcodec\cpp\debug\aitcodec.tlog\aitcodec.write.1u.tlog
d:\dev\wpf-samples-master\graphics\aitcodec\cpp\debug\aitcodec.tlog\cl.command.1.tlog
d:\dev\wpf-samples-master\graphics\aitcodec\cpp\debug\aitcodec.tlog\cl.read.1.tlog
d:\dev\wpf-samples-master\graphics\aitcodec\cpp\debug\aitcodec.tlog\cl.write.1.tlog
d:\dev\wpf-samples-master\graphics\aitcodec\cpp\debug\aitcodec.tlog\link.command.1.tlog
d:\dev\wpf-samples-master\graphics\aitcodec\cpp\debug\aitcodec.tlog\link.read.1.tlog
d:\dev\wpf-samples-master\graphics\aitcodec\cpp\debug\aitcodec.tlog\link.write.1.tlog
